  소스.cpp
c:\users\mixco\onedrive\documents\visual studio 2015\projects\chapter4\chapter4\소스.cpp(90): warning C4244: '인수': 'double'에서 'float'(으)로 변환하면서 데이터가 손실될 수 있습니다.
c:\users\mixco\onedrive\documents\visual studio 2015\projects\chapter4\chapter4\소스.cpp(90): warning C4244: '=': 'float'에서 'int'(으)로 변환하면서 데이터가 손실될 수 있습니다.
c:\users\mixco\onedrive\documents\visual studio 2015\projects\chapter4\chapter4\소스.cpp(91): warning C4244: '인수': 'double'에서 'float'(으)로 변환하면서 데이터가 손실될 수 있습니다.
c:\users\mixco\onedrive\documents\visual studio 2015\projects\chapter4\chapter4\소스.cpp(91): warning C4244: '=': 'float'에서 'int'(으)로 변환하면서 데이터가 손실될 수 있습니다.
c:\users\mixco\onedrive\documents\visual studio 2015\projects\chapter4\chapter4\소스.cpp(97): warning C4244: '인수': 'double'에서 'float'(으)로 변환하면서 데이터가 손실될 수 있습니다.
c:\users\mixco\onedrive\documents\visual studio 2015\projects\chapter4\chapter4\소스.cpp(97): warning C4244: '=': 'float'에서 'int'(으)로 변환하면서 데이터가 손실될 수 있습니다.
c:\users\mixco\onedrive\documents\visual studio 2015\projects\chapter4\chapter4\소스.cpp(98): warning C4244: '인수': 'double'에서 'float'(으)로 변환하면서 데이터가 손실될 수 있습니다.
c:\users\mixco\onedrive\documents\visual studio 2015\projects\chapter4\chapter4\소스.cpp(98): warning C4244: '=': 'float'에서 'int'(으)로 변환하면서 데이터가 손실될 수 있습니다.
c:\users\mixco\onedrive\documents\visual studio 2015\projects\chapter4\chapter4\소스.cpp(100): warning C4244: '인수': 'double'에서 'float'(으)로 변환하면서 데이터가 손실될 수 있습니다.
c:\users\mixco\onedrive\documents\visual studio 2015\projects\chapter4\chapter4\소스.cpp(100): warning C4244: '=': 'float'에서 'int'(으)로 변환하면서 데이터가 손실될 수 있습니다.
c:\users\mixco\onedrive\documents\visual studio 2015\projects\chapter4\chapter4\소스.cpp(101): warning C4244: '인수': 'double'에서 'float'(으)로 변환하면서 데이터가 손실될 수 있습니다.
c:\users\mixco\onedrive\documents\visual studio 2015\projects\chapter4\chapter4\소스.cpp(101): warning C4244: '=': 'float'에서 'int'(으)로 변환하면서 데이터가 손실될 수 있습니다.
c:\users\mixco\onedrive\documents\visual studio 2015\projects\chapter4\chapter4\소스.cpp(109): warning C4244: '인수': 'double'에서 'float'(으)로 변환하면서 데이터가 손실될 수 있습니다.
c:\users\mixco\onedrive\documents\visual studio 2015\projects\chapter4\chapter4\소스.cpp(109): warning C4244: '=': 'float'에서 'int'(으)로 변환하면서 데이터가 손실될 수 있습니다.
c:\users\mixco\onedrive\documents\visual studio 2015\projects\chapter4\chapter4\소스.cpp(110): warning C4244: '인수': 'double'에서 'float'(으)로 변환하면서 데이터가 손실될 수 있습니다.
c:\users\mixco\onedrive\documents\visual studio 2015\projects\chapter4\chapter4\소스.cpp(110): warning C4244: '=': 'float'에서 'int'(으)로 변환하면서 데이터가 손실될 수 있습니다.
c:\users\mixco\onedrive\documents\visual studio 2015\projects\chapter4\chapter4\소스.cpp(115): warning C4244: '인수': 'double'에서 'float'(으)로 변환하면서 데이터가 손실될 수 있습니다.
c:\users\mixco\onedrive\documents\visual studio 2015\projects\chapter4\chapter4\소스.cpp(115): warning C4244: '=': 'float'에서 'int'(으)로 변환하면서 데이터가 손실될 수 있습니다.
c:\users\mixco\onedrive\documents\visual studio 2015\projects\chapter4\chapter4\소스.cpp(116): warning C4244: '인수': 'double'에서 'float'(으)로 변환하면서 데이터가 손실될 수 있습니다.
c:\users\mixco\onedrive\documents\visual studio 2015\projects\chapter4\chapter4\소스.cpp(116): warning C4244: '=': 'float'에서 'int'(으)로 변환하면서 데이터가 손실될 수 있습니다.
c:\users\mixco\onedrive\documents\visual studio 2015\projects\chapter4\chapter4\소스.cpp(121): warning C4244: '인수': 'double'에서 'float'(으)로 변환하면서 데이터가 손실될 수 있습니다.
c:\users\mixco\onedrive\documents\visual studio 2015\projects\chapter4\chapter4\소스.cpp(121): warning C4244: '=': 'float'에서 'int'(으)로 변환하면서 데이터가 손실될 수 있습니다.
c:\users\mixco\onedrive\documents\visual studio 2015\projects\chapter4\chapter4\소스.cpp(122): warning C4244: '인수': 'double'에서 'float'(으)로 변환하면서 데이터가 손실될 수 있습니다.
c:\users\mixco\onedrive\documents\visual studio 2015\projects\chapter4\chapter4\소스.cpp(122): warning C4244: '=': 'float'에서 'int'(으)로 변환하면서 데이터가 손실될 수 있습니다.
c:\users\mixco\onedrive\documents\visual studio 2015\projects\chapter4\chapter4\소스.cpp(126): warning C4244: '인수': 'double'에서 'float'(으)로 변환하면서 데이터가 손실될 수 있습니다.
c:\users\mixco\onedrive\documents\visual studio 2015\projects\chapter4\chapter4\소스.cpp(126): warning C4244: '=': 'float'에서 'int'(으)로 변환하면서 데이터가 손실될 수 있습니다.
c:\users\mixco\onedrive\documents\visual studio 2015\projects\chapter4\chapter4\소스.cpp(127): warning C4244: '인수': 'double'에서 'float'(으)로 변환하면서 데이터가 손실될 수 있습니다.
c:\users\mixco\onedrive\documents\visual studio 2015\projects\chapter4\chapter4\소스.cpp(127): warning C4244: '=': 'float'에서 'int'(으)로 변환하면서 데이터가 손실될 수 있습니다.
  Chapter4.vcxproj -> c:\users\mixco\onedrive\documents\visual studio 2015\Projects\Chapter4\Debug\Chapter4.exe
  Chapter4.vcxproj -> c:\users\mixco\onedrive\documents\visual studio 2015\Projects\Chapter4\Debug\Chapter4.pdb (Full PDB)
